
*** Running vivado
    with args -log c_counter_binary_0.vds -m64 -product Vivado -mode batch -messageDb vivado.pb -notrace -source c_counter_binary_0.tcl



****** Vivado v2022.1 (64-bit)
  **** SW Build 3526262 on Mon Apr 18 15:48:16 MDT 2022
  **** IP Build 3524634 on Mon Apr 18 20:55:01 MDT 2022
    ** Copyright 1986-2022 Xilinx, Inc. All Rights Reserved.

source c_counter_binary_0.tcl -notrace
Command: synth_design -top c_counter_binary_0 -part xc7a35tfgg484-1 -incremental_mode off -mode out_of_context
Starting synth_design
Attempting to get a license for feature 'Synthesis' and/or device 'xc7a35t'
INFO: [Common 17-349] Got license for feature 'Synthesis' and/or device 'xc7a35t'
INFO: [Device 21-403] Loading part xc7a35tfgg484-1
INFO: [Synth 8-7079] Multithreading enabled for synth_design using a maximum of 2 processes.
INFO: [Synth 8-7078] Launching helper process for spawning children vivado processes
INFO: [Synth 8-7075] Helper process launched with PID 10120
---------------------------------------------------------------------------------
Starting RTL Elaboration : Time (s): cpu = 00:00:06 ; elapsed = 00:00:07 . Memory (MB): peak = 1623.324 ; gain = 0.000
---------------------------------------------------------------------------------
INFO: [Synth 8-638] synthesizing module 'c_counter_binary_0' [c:/Users/johnh/Desktop/IMP/IMP.gen/sources_1/ip/c_counter_binary_0/synth/c_counter_binary_0.vhd:67]
	Parameter C_IMPLEMENTATION bound to: 0 - type: integer 
	Parameter C_VERBOSITY bound to: 0 - type: integer 
	Parameter C_XDEVICEFAMILY bound to: artix7 - type: string 
	Parameter C_WIDTH bound to: 6 - type: integer 
	Parameter C_HAS_CE bound to: 1 - type: integer 
	Parameter C_HAS_SCLR bound to: 0 - type: integer 
	Parameter C_RESTRICT_COUNT bound to: 1 - type: integer 
	Parameter C_COUNT_TO bound to: 100111 - type: string 
	Parameter C_COUNT_BY bound to: 1 - type: string 
	Parameter C_COUNT_MODE bound to: 0 - type: integer 
	Parameter C_THRESH0_VALUE bound to: 1 - type: string 
	Parameter C_CE_OVERRIDES_SYNC bound to: 0 - type: integer 
	Parameter C_HAS_THRESH0 bound to: 0 - type: integer 
	Parameter C_HAS_LOAD bound to: 0 - type: integer 
	Parameter C_LOAD_LOW bound to: 0 - type: integer 
	Parameter C_LATENCY bound to: 1 - type: integer 
	Parameter C_FB_LATENCY bound to: 0 - type: integer 
	Parameter C_AINIT_VAL bound to: 0 - type: string 
	Parameter C_SINIT_VAL bound to: 0 - type: string 
	Parameter C_SCLR_OVERRIDES_SSET bound to: 1 - type: integer 
	Parameter C_HAS_SSET bound to: 0 - type: integer 
	Parameter C_HAS_SINIT bound to: 0 - type: integer 
INFO: [Synth 8-3491] module 'c_counter_binary_v12_0_15' declared at 'c:/Users/johnh/Desktop/IMP/IMP.gen/sources_1/ip/c_counter_binary_0/hdl/c_counter_binary_v12_0_vh_rfs.vhd:2146' bound to instance 'U0' of component 'c_counter_binary_v12_0_15' [c:/Users/johnh/Desktop/IMP/IMP.gen/sources_1/ip/c_counter_binary_0/synth/c_counter_binary_0.vhd:124]
INFO: [Synth 8-256] done synthesizing module 'c_counter_binary_0' (0#1) [c:/Users/johnh/Desktop/IMP/IMP.gen/sources_1/ip/c_counter_binary_0/synth/c_counter_binary_0.vhd:67]
WARNING: [Synth 8-7129] Port AINIT in module c_reg_fd_v12_0_6_viv is either unconnected or has no load
WARNING: [Synth 8-7129] Port ACLR in module c_reg_fd_v12_0_6_viv is either unconnected or has no load
WARNING: [Synth 8-7129] Port ASET in module c_reg_fd_v12_0_6_viv is either unconnected or has no load
WARNING: [Synth 8-7129] Port SINIT in module c_reg_fd_v12_0_6_viv is either unconnected or has no load
WARNING: [Synth 8-7129] Port SSET in module c_reg_fd_v12_0_6_viv is either unconnected or has no load
WARNING: [Synth 8-7129] Port b[5] in module c_addsub_v12_0_14_lut6_legacy is either unconnected or has no load
WARNING: [Synth 8-7129] Port b[4] in module c_addsub_v12_0_14_lut6_legacy is either unconnected or has no load
WARNING: [Synth 8-7129] Port b[3] in module c_addsub_v12_0_14_lut6_legacy is either unconnected or has no load
WARNING: [Synth 8-7129] Port b[2] in module c_addsub_v12_0_14_lut6_legacy is either unconnected or has no load
WARNING: [Synth 8-7129] Port b[1] in module c_addsub_v12_0_14_lut6_legacy is either unconnected or has no load
WARNING: [Synth 8-7129] Port b[0] in module c_addsub_v12_0_14_lut6_legacy is either unconnected or has no load
WARNING: [Synth 8-7129] Port add in module c_addsub_v12_0_14_lut6_legacy is either unconnected or has no load
WARNING: [Synth 8-7129] Port c_in in module c_addsub_v12_0_14_lut6_legacy is either unconnected or has no load
WARNING: [Synth 8-7129] Port bypass in module c_addsub_v12_0_14_lut6_legacy is either unconnected or has no load
WARNING: [Synth 8-7129] Port sset in module c_addsub_v12_0_14_lut6_legacy is either unconnected or has no load
WARNING: [Synth 8-7129] Port sinit in module c_addsub_v12_0_14_lut6_legacy is either unconnected or has no load
WARNING: [Synth 8-7129] Port c_in in module c_addsub_v12_0_14_legacy is either unconnected or has no load
WARNING: [Synth 8-7129] Port b_in in module c_addsub_v12_0_14_legacy is either unconnected or has no load
WARNING: [Synth 8-7129] Port a_signed in module c_addsub_v12_0_14_legacy is either unconnected or has no load
WARNING: [Synth 8-7129] Port b_signed in module c_addsub_v12_0_14_legacy is either unconnected or has no load
WARNING: [Synth 8-7129] Port up in module c_counter_binary_v12_0_15_legacy is either unconnected or has no load
WARNING: [Synth 8-7129] Port load in module c_counter_binary_v12_0_15_legacy is either unconnected or has no load
WARNING: [Synth 8-7129] Port l[5] in module c_counter_binary_v12_0_15_legacy is either unconnected or has no load
WARNING: [Synth 8-7129] Port l[4] in module c_counter_binary_v12_0_15_legacy is either unconnected or has no load
WARNING: [Synth 8-7129] Port l[3] in module c_counter_binary_v12_0_15_legacy is either unconnected or has no load
WARNING: [Synth 8-7129] Port l[2] in module c_counter_binary_v12_0_15_legacy is either unconnected or has no load
WARNING: [Synth 8-7129] Port l[1] in module c_counter_binary_v12_0_15_legacy is either unconnected or has no load
WARNING: [Synth 8-7129] Port l[0] in module c_counter_binary_v12_0_15_legacy is either unconnected or has no load
WARNING: [Synth 8-7129] Port iv[5] in module c_counter_binary_v12_0_15_legacy is either unconnected or has no load
WARNING: [Synth 8-7129] Port iv[4] in module c_counter_binary_v12_0_15_legacy is either unconnected or has no load
WARNING: [Synth 8-7129] Port iv[3] in module c_counter_binary_v12_0_15_legacy is either unconnected or has no load
WARNING: [Synth 8-7129] Port iv[2] in module c_counter_binary_v12_0_15_legacy is either unconnected or has no load
WARNING: [Synth 8-7129] Port iv[1] in module c_counter_binary_v12_0_15_legacy is either unconnected or has no load
WARNING: [Synth 8-7129] Port iv[0] in module c_counter_binary_v12_0_15_legacy is either unconnected or has no load
WARNING: [Synth 8-7129] Port sclr in module c_counter_binary_v12_0_15_legacy is either unconnected or has no load
WARNING: [Synth 8-7129] Port sset in module c_counter_binary_v12_0_15_legacy is either unconnected or has no load
WARNING: [Synth 8-7129] Port sinit in module c_counter_binary_v12_0_15_legacy is either unconnected or has no load
---------------------------------------------------------------------------------
Finished RTL Elaboration : Time (s): cpu = 00:00:09 ; elapsed = 00:00:10 . Memory (MB): peak = 1646.812 ; gain = 23.488
---------------------------------------------------------------------------------
---------------------------------------------------------------------------------
Start Handling Custom Attributes
---------------------------------------------------------------------------------
---------------------------------------------------------------------------------
Finished Handling Custom Attributes : Time (s): cpu = 00:00:09 ; elapsed = 00:00:10 . Memory (MB): peak = 1646.812 ; gain = 23.488
---------------------------------------------------------------------------------
---------------------------------------------------------------------------------
Finished RTL Optimization Phase 1 : Time (s): cpu = 00:00:09 ; elapsed = 00:00:10 . Memory (MB): peak = 1646.812 ; gain = 23.488
---------------------------------------------------------------------------------
Netlist sorting complete. Time (s): cpu = 00:00:00 ; elapsed = 00:00:00.001 . Memory (MB): peak = 1646.812 ; gain = 0.000
INFO: [Netlist 29-17] Analyzing 11 Unisim elements for replacement
INFO: [Netlist 29-28] Unisim Transformation completed in 0 CPU seconds
INFO: [Project 1-570] Preparing netlist for logic optimization

Processing XDC Constraints
Initializing timing engine
Parsing XDC File [c:/Users/johnh/Desktop/IMP/IMP.gen/sources_1/ip/c_counter_binary_0/c_counter_binary_0_ooc.xdc] for cell 'U0'
Finished Parsing XDC File [c:/Users/johnh/Desktop/IMP/IMP.gen/sources_1/ip/c_counter_binary_0/c_counter_binary_0_ooc.xdc] for cell 'U0'
Parsing XDC File [C:/Users/johnh/Desktop/IMP/IMP.runs/c_counter_binary_0_synth_1/dont_touch.xdc]
Finished Parsing XDC File [C:/Users/johnh/Desktop/IMP/IMP.runs/c_counter_binary_0_synth_1/dont_touch.xdc]
Completed Processing XDC Constraints

Netlist sorting complete. Time (s): cpu = 00:00:00 ; elapsed = 00:00:00 . Memory (MB): peak = 1689.391 ; gain = 0.000
INFO: [Project 1-111] Unisim Transformation Summary:
No Unisim elements were transformed.

Constraint Validation Runtime : Time (s): cpu = 00:00:00 ; elapsed = 00:00:00.016 . Memory (MB): peak = 1691.422 ; gain = 2.031
INFO: [Designutils 20-5008] Incremental synthesis strategy off
---------------------------------------------------------------------------------
Finished Constraint Validation : Time (s): cpu = 00:00:16 ; elapsed = 00:00:17 . Memory (MB): peak = 1691.422 ; gain = 68.098
---------------------------------------------------------------------------------
---------------------------------------------------------------------------------
Start Loading Part and Timing Information
---------------------------------------------------------------------------------
Loading part: xc7a35tfgg484-1
---------------------------------------------------------------------------------
Finished Loading Part and Timing Information : Time (s): cpu = 00:00:16 ; elapsed = 00:00:17 . Memory (MB): peak = 1691.422 ; gain = 68.098
---------------------------------------------------------------------------------
---------------------------------------------------------------------------------
Start Applying 'set_property' XDC Constraints
---------------------------------------------------------------------------------
Applied set_property KEEP_HIERARCHY = SOFT for U0. (constraint file  C:/Users/johnh/Desktop/IMP/IMP.runs/c_counter_binary_0_synth_1/dont_touch.xdc, line 9).
---------------------------------------------------------------------------------
Finished applying 'set_property' XDC Constraints : Time (s): cpu = 00:00:16 ; elapsed = 00:00:17 . Memory (MB): peak = 1691.422 ; gain = 68.098
---------------------------------------------------------------------------------
---------------------------------------------------------------------------------
Finished RTL Optimization Phase 2 : Time (s): cpu = 00:00:16 ; elapsed = 00:00:18 . Memory (MB): peak = 1691.422 ; gain = 68.098
---------------------------------------------------------------------------------
---------------------------------------------------------------------------------
Start RTL Component Statistics 
---------------------------------------------------------------------------------
---------------------------------------------------------------------------------
Finished RTL Component Statistics 
---------------------------------------------------------------------------------
---------------------------------------------------------------------------------
Start Part Resource Summary
---------------------------------------------------------------------------------
Part Resources:
DSPs: 90 (col length:60)
BRAMs: 100 (col length: RAMB18 60 RAMB36 30)
---------------------------------------------------------------------------------
Finished Part Resource Summary
---------------------------------------------------------------------------------
---------------------------------------------------------------------------------
Start Cross Boundary and Area Optimization
---------------------------------------------------------------------------------
WARNING: [Synth 8-7080] Parallel synthesis criteria is not met
WARNING: [Synth 8-7129] Port SCLR in module c_counter_binary_v12_0_15_viv is either unconnected or has no load
WARNING: [Synth 8-7129] Port SSET in module c_counter_binary_v12_0_15_viv is either unconnected or has no load
WARNING: [Synth 8-7129] Port SINIT in module c_counter_binary_v12_0_15_viv is either unconnected or has no load
WARNING: [Synth 8-7129] Port UP in module c_counter_binary_v12_0_15_viv is either unconnected or has no load
WARNING: [Synth 8-7129] Port LOAD in module c_counter_binary_v12_0_15_viv is either unconnected or has no load
WARNING: [Synth 8-7129] Port L[5] in module c_counter_binary_v12_0_15_viv is either unconnected or has no load
WARNING: [Synth 8-7129] Port L[4] in module c_counter_binary_v12_0_15_viv is either unconnected or has no load
WARNING: [Synth 8-7129] Port L[3] in module c_counter_binary_v12_0_15_viv is either unconnected or has no load
WARNING: [Synth 8-7129] Port L[2] in module c_counter_binary_v12_0_15_viv is either unconnected or has no load
WARNING: [Synth 8-7129] Port L[1] in module c_counter_binary_v12_0_15_viv is either unconnected or has no load
WARNING: [Synth 8-7129] Port L[0] in module c_counter_binary_v12_0_15_viv is either unconnected or has no load
---------------------------------------------------------------------------------
Finished Cross Boundary and Area Optimization : Time (s): cpu = 00:00:18 ; elapsed = 00:00:19 . Memory (MB): peak = 1691.422 ; gain = 68.098
---------------------------------------------------------------------------------
---------------------------------------------------------------------------------
Start Applying XDC Timing Constraints
---------------------------------------------------------------------------------
---------------------------------------------------------------------------------
Finished Applying XDC Timing Constraints : Time (s): cpu = 00:00:23 ; elapsed = 00:00:25 . Memory (MB): peak = 1691.422 ; gain = 68.098
---------------------------------------------------------------------------------
---------------------------------------------------------------------------------
Start Timing Optimization
---------------------------------------------------------------------------------
---------------------------------------------------------------------------------
Finished Timing Optimization : Time (s): cpu = 00:00:23 ; elapsed = 00:00:25 . Memory (MB): peak = 1691.422 ; gain = 68.098
---------------------------------------------------------------------------------
---------------------------------------------------------------------------------
Start Technology Mapping
---------------------------------------------------------------------------------
---------------------------------------------------------------------------------
Finished Technology Mapping : Time (s): cpu = 00:00:23 ; elapsed = 00:00:25 . Memory (MB): peak = 1691.422 ; gain = 68.098
---------------------------------------------------------------------------------
---------------------------------------------------------------------------------
Start IO Insertion
---------------------------------------------------------------------------------
---------------------------------------------------------------------------------
Start Flattening Before IO Insertion
---------------------------------------------------------------------------------
---------------------------------------------------------------------------------
Finished Flattening Before IO Insertion
---------------------------------------------------------------------------------
---------------------------------------------------------------------------------
Start Final Netlist Cleanup
---------------------------------------------------------------------------------
---------------------------------------------------------------------------------
Finished Final Netlist Cleanup
---------------------------------------------------------------------------------
---------------------------------------------------------------------------------
Finished IO Insertion : Time (s): cpu = 00:00:27 ; elapsed = 00:00:29 . Memory (MB): peak = 1691.422 ; gain = 68.098
---------------------------------------------------------------------------------
---------------------------------------------------------------------------------
Start Renaming Generated Instances
---------------------------------------------------------------------------------
---------------------------------------------------------------------------------
Finished Renaming Generated Instances : Time (s): cpu = 00:00:27 ; elapsed = 00:00:29 . Memory (MB): peak = 1691.422 ; gain = 68.098
---------------------------------------------------------------------------------
---------------------------------------------------------------------------------
Start Rebuilding User Hierarchy
---------------------------------------------------------------------------------
---------------------------------------------------------------------------------
Finished Rebuilding User Hierarchy : Time (s): cpu = 00:00:27 ; elapsed = 00:00:29 . Memory (MB): peak = 1691.422 ; gain = 68.098
---------------------------------------------------------------------------------
---------------------------------------------------------------------------------
Start Renaming Generated Ports
---------------------------------------------------------------------------------
---------------------------------------------------------------------------------
Finished Renaming Generated Ports : Time (s): cpu = 00:00:27 ; elapsed = 00:00:29 . Memory (MB): peak = 1691.422 ; gain = 68.098
---------------------------------------------------------------------------------
---------------------------------------------------------------------------------
Start Handling Custom Attributes
---------------------------------------------------------------------------------
---------------------------------------------------------------------------------
Finished Handling Custom Attributes : Time (s): cpu = 00:00:27 ; elapsed = 00:00:29 . Memory (MB): peak = 1691.422 ; gain = 68.098
---------------------------------------------------------------------------------
---------------------------------------------------------------------------------
Start Renaming Generated Nets
---------------------------------------------------------------------------------
---------------------------------------------------------------------------------
Finished Renaming Generated Nets : Time (s): cpu = 00:00:27 ; elapsed = 00:00:29 . Memory (MB): peak = 1691.422 ; gain = 68.098
---------------------------------------------------------------------------------
---------------------------------------------------------------------------------
Start Writing Synthesis Report
---------------------------------------------------------------------------------

Report BlackBoxes: 
+-+--------------+----------+
| |BlackBox name |Instances |
+-+--------------+----------+
+-+--------------+----------+

Report Cell Usage: 
+------+------+------+
|      |Cell  |Count |
+------+------+------+
|1     |LUT1  |     1|
|2     |LUT5  |     1|
|3     |MUXCY |     5|
|4     |XORCY |     6|
|5     |FDRE  |     6|
+------+------+------+
---------------------------------------------------------------------------------
Finished Writing Synthesis Report : Time (s): cpu = 00:00:27 ; elapsed = 00:00:29 . Memory (MB): peak = 1691.422 ; gain = 68.098
---------------------------------------------------------------------------------
Synthesis finished with 0 errors, 0 critical warnings and 12 warnings.
Synthesis Optimization Runtime : Time (s): cpu = 00:00:16 ; elapsed = 00:00:27 . Memory (MB): peak = 1691.422 ; gain = 23.488
Synthesis Optimization Complete : Time (s): cpu = 00:00:27 ; elapsed = 00:00:29 . Memory (MB): peak = 1691.422 ; gain = 68.098
INFO: [Project 1-571] Translating synthesized netlist
Netlist sorting complete. Time (s): cpu = 00:00:00 ; elapsed = 00:00:00 . Memory (MB): peak = 1691.422 ; gain = 0.000
INFO: [Netlist 29-17] Analyzing 11 Unisim elements for replacement
INFO: [Netlist 29-28] Unisim Transformation completed in 0 CPU seconds
INFO: [Project 1-570] Preparing netlist for logic optimization
INFO: [Opt 31-138] Pushed 0 inverter(s) to 0 load pin(s).
Netlist sorting complete. Time (s): cpu = 00:00:00 ; elapsed = 00:00:00 . Memory (MB): peak = 1691.422 ; gain = 0.000
INFO: [Project 1-111] Unisim Transformation Summary:
  A total of 2 instances were transformed.
  (MUXCY,XORCY) => CARRY4: 2 instances

Synth Design complete, checksum: 22be512a
INFO: [Common 17-83] Releasing license: Synthesis
20 Infos, 49 Warnings, 0 Critical Warnings and 0 Errors encountered.
synth_design completed successfully
synth_design: Time (s): cpu = 00:00:31 ; elapsed = 00:00:50 . Memory (MB): peak = 1691.422 ; gain = 68.098
INFO: [Coretcl 2-1174] Renamed 7 cell refs.
INFO: [Common 17-1381] The checkpoint 'C:/Users/johnh/Desktop/IMP/IMP.runs/c_counter_binary_0_synth_1/c_counter_binary_0.dcp' has been generated.
INFO: [runtcl-4] Executing : report_utilization -file c_counter_binary_0_utilization_synth.rpt -pb c_counter_binary_0_utilization_synth.pb
INFO: [Common 17-206] Exiting Vivado at Fri Aug  4 01:32:38 2023...
