Copyright 1986-2022 Xilinx, Inc. All Rights Reserved.
-------------------------------------------------------------------------------------------------------------------------------
| Tool Version     : Vivado v.2022.1 (win64) Build 3526262 Mon Apr 18 15:48:16 MDT 2022
| Date             : Fri Jul 21 22:56:18 2023
| Host             : DESKTOP-U9NB2CD running 64-bit major release  (build 9200)
| Command          : report_power -file top_power_routed.rpt -pb top_power_summary_routed.pb -rpx top_power_routed.rpx
| Design           : top
| Device           : xc7a35tfgg484-1
| Design State     : routed
| Grade            : commercial
| Process          : typical
| Characterization : Production
-------------------------------------------------------------------------------------------------------------------------------

Power Report

Table of Contents
-----------------
1. Summary
1.1 On-Chip Components
1.2 Power Supply Summary
1.3 Confidence Level
2. Settings
2.1 Environment
2.2 Clock Constraints
3. Detailed Reports
3.1 By Hierarchy

1. Summary
----------

+--------------------------+--------------+
| Total On-Chip Power (W)  | 0.517        |
| Design Power Budget (W)  | Unspecified* |
| Power Budget Margin (W)  | NA           |
| Dynamic (W)              | 0.445        |
| Device Static (W)        | 0.073        |
| Effective TJA (C/W)      | 2.8          |
| Max Ambient (C)          | 83.5         |
| Junction Temperature (C) | 26.5         |
| Confidence Level         | Low          |
| Setting File             | ---          |
| Simulation Activity File | ---          |
| Design Nets Matched      | NA           |
+--------------------------+--------------+
* Specify Design Power Budget using, set_operating_conditions -design_power_budget <value in Watts>


1.1 On-Chip Components
----------------------

+--------------------------+-----------+----------+-----------+-----------------+
| On-Chip                  | Power (W) | Used     | Available | Utilization (%) |
+--------------------------+-----------+----------+-----------+-----------------+
| Clocks                   |     0.004 |        5 |       --- |             --- |
| Slice Logic              |     0.016 |    17665 |       --- |             --- |
|   LUT as Logic           |     0.015 |     5369 |     20800 |           25.81 |
|   Register               |     0.001 |    10747 |     41600 |           25.83 |
|   CARRY4                 |    <0.001 |      440 |      8150 |            5.40 |
|   BUFG                   |    <0.001 |        6 |        32 |           18.75 |
|   LUT as Distributed RAM |    <0.001 |       24 |      9600 |            0.25 |
|   Others                 |    <0.001 |      549 |       --- |             --- |
|   LUT as Shift Register  |    <0.001 |       36 |      9600 |            0.38 |
|   F7/F8 Muxes            |    <0.001 |        8 |     32600 |            0.02 |
|   BUFR                   |     0.000 |        1 |        92 |            1.09 |
| Signals                  |     0.024 |    15601 |       --- |             --- |
| Block RAM                |     0.004 |      8.5 |        50 |           17.00 |
| MMCM                     |     0.216 |        3 |         5 |           60.00 |
| DSPs                     |     0.017 |       90 |        90 |          100.00 |
| I/O                      |     0.163 |       23 |       250 |            9.20 |
| Static Power             |     0.073 |          |           |                 |
| Total                    |     0.517 |          |           |                 |
+--------------------------+-----------+----------+-----------+-----------------+


1.2 Power Supply Summary
------------------------

+-----------+-------------+-----------+-------------+------------+-------------+-------------+------------+
| Source    | Voltage (V) | Total (A) | Dynamic (A) | Static (A) | Powerup (A) | Budget (A)  | Margin (A) |
+-----------+-------------+-----------+-------------+------------+-------------+-------------+------------+
| Vccint    |       1.000 |     0.078 |       0.068 |      0.010 |       NA    | Unspecified | NA         |
| Vccaux    |       1.800 |     0.149 |       0.136 |      0.013 |       NA    | Unspecified | NA         |
| Vcco33    |       3.300 |     0.041 |       0.040 |      0.001 |       NA    | Unspecified | NA         |
| Vcco25    |       2.500 |     0.000 |       0.000 |      0.000 |       NA    | Unspecified | NA         |
| Vcco18    |       1.800 |     0.000 |       0.000 |      0.000 |       NA    | Unspecified | NA         |
| Vcco15    |       1.500 |     0.000 |       0.000 |      0.000 |       NA    | Unspecified | NA         |
| Vcco135   |       1.350 |     0.000 |       0.000 |      0.000 |       NA    | Unspecified | NA         |
| Vcco12    |       1.200 |     0.000 |       0.000 |      0.000 |       NA    | Unspecified | NA         |
| Vccaux_io |       1.800 |     0.000 |       0.000 |      0.000 |       NA    | Unspecified | NA         |
| Vccbram   |       1.000 |     0.001 |       0.000 |      0.000 |       NA    | Unspecified | NA         |
| MGTAVcc   |       1.000 |     0.000 |       0.000 |      0.000 |       NA    | Unspecified | NA         |
| MGTAVtt   |       1.200 |     0.000 |       0.000 |      0.000 |       NA    | Unspecified | NA         |
| Vccadc    |       1.800 |     0.020 |       0.000 |      0.020 |       NA    | Unspecified | NA         |
+-----------+-------------+-----------+-------------+------------+-------------+-------------+------------+


1.3 Confidence Level
--------------------

+-----------------------------+------------+--------------------------------------------------------+--------------------------------------------------------------------------------------------------------------------+
| User Input Data             | Confidence | Details                                                | Action                                                                                                             |
+-----------------------------+------------+--------------------------------------------------------+--------------------------------------------------------------------------------------------------------------------+
| Design implementation state | High       | Design is routed                                       |                                                                                                                    |
| Clock nodes activity        | Low        | User specified less than 75% of clocks                 | Provide missing clock activity with a constraint file, simulation results or by editing the "By Clock Domain" view |
| I/O nodes activity          | Low        | More than 75% of inputs are missing user specification | Provide missing input activity with simulation results or by editing the "By Resource Type -> I/Os" view           |
| Internal nodes activity     | Medium     | User specified less than 25% of internal nodes         | Provide missing internal nodes activity with simulation results or by editing the "By Resource Type" views         |
| Device models               | High       | Device models are Production                           |                                                                                                                    |
|                             |            |                                                        |                                                                                                                    |
| Overall confidence level    | Low        |                                                        |                                                                                                                    |
+-----------------------------+------------+--------------------------------------------------------+--------------------------------------------------------------------------------------------------------------------+


2. Settings
-----------

2.1 Environment
---------------

+-----------------------+--------------------------+
| Ambient Temp (C)      | 25.0                     |
| ThetaJA (C/W)         | 2.8                      |
| Airflow (LFM)         | 250                      |
| Heat Sink             | medium (Medium Profile)  |
| ThetaSA (C/W)         | 4.6                      |
| Board Selection       | medium (10"x10")         |
| # of Board Layers     | 12to15 (12 to 15 Layers) |
| Board Temperature (C) | 25.0                     |
+-----------------------+--------------------------+


2.2 Clock Constraints
---------------------

+------------------+---------------------------------+-----------------+
| Clock            | Domain                          | Constraint (ns) |
+------------------+---------------------------------+-----------------+
| clk_out1_clk_ref | clk_refm0/inst/clk_out1_clk_ref |             5.0 |
| clkfbout_clk_ref | clk_refm0/inst/clkfbout_clk_ref |            20.0 |
| sys_clk          | sys_clk                         |            20.0 |
+------------------+---------------------------------+-----------------+


3. Detailed Reports
-------------------

3.1 By Hierarchy
----------------

+------------------------------------+-----------+
| Name                               | Power (W) |
+------------------------------------+-----------+
| top                                |     0.445 |
|   clk_refm0                        |     0.106 |
|     inst                           |     0.106 |
|   dvi2rgb_m0                       |     0.096 |
|     DataDecoders[0].DecoderX       |     0.012 |
|       InputSERDES_X                |     0.010 |
|     DataDecoders[1].DecoderX       |     0.012 |
|       InputSERDES_X                |     0.010 |
|     DataDecoders[2].DecoderX       |     0.012 |
|       InputSERDES_X                |     0.010 |
|     GenerateDDC.DDC_EEPROM         |     0.002 |
|       I2C_SlaveController          |     0.002 |
|     TMDS_ClockingX                 |     0.058 |
|   image_processor                  |     0.044 |
|     ISPCore_inst[0].u_ISPCore      |     0.018 |
|       HSV2RGB_Core_Inst            |     0.004 |
|       RGB2HSV_Core_Inst            |     0.014 |
|     ISPCore_inst[1].u_ISPCore      |     0.003 |
|       RGB2HSV_Core_Inst            |     0.003 |
|     ISPCore_inst[2].u_ISPCore      |     0.003 |
|       RGB2HSV_Core_Inst            |     0.003 |
|     ISPCore_inst[4].u_ISPCore      |     0.003 |
|       RGB2HSV_Core_Inst            |     0.003 |
|     ISPCore_inst[8].u_ISPCore      |     0.003 |
|       RGB2HSV_Core_Inst            |     0.003 |
|     PrioEnc_core_busy_Inst         |     0.002 |
|     rgb_input_fifo                 |     0.006 |
|       U0                           |     0.006 |
|     rgb_output_fifo                |     0.002 |
|       U0                           |     0.002 |
|   rgb2dvi_m0                       |     0.199 |
|     ClockGenInternal.ClockGenX     |     0.055 |
|     ClockSerializer                |     0.033 |
|     DataEncoders[0].DataEncoder    |     0.004 |
|     DataEncoders[0].DataSerializer |     0.033 |
|     DataEncoders[1].DataEncoder    |     0.004 |
|     DataEncoders[1].DataSerializer |     0.033 |
|     DataEncoders[2].DataEncoder    |     0.004 |
|     DataEncoders[2].DataSerializer |     0.033 |
+------------------------------------+-----------+


