Time resolution is 1 ps
Note: V out normal
Time: 110 ns  Iteration: 0  Process: /ALU_TB/HSV_ALU/HSV_ALU_OUTPUT_CTRL  File: C:/Users/johnh/Desktop/IMP/IMP.srcs/sources_1/new/ISP/ALUs/HSV_ALU.vhd
Note: V out overflow
Time: 120 ns  Iteration: 0  Process: /ALU_TB/HSV_ALU/HSV_ALU_OUTPUT_CTRL  File: C:/Users/johnh/Desktop/IMP/IMP.srcs/sources_1/new/ISP/ALUs/HSV_ALU.vhd
Note: V out normal
Time: 130 ns  Iteration: 0  Process: /ALU_TB/HSV_ALU/HSV_ALU_OUTPUT_CTRL  File: C:/Users/johnh/Desktop/IMP/IMP.srcs/sources_1/new/ISP/ALUs/HSV_ALU.vhd
Note: V out normal
Time: 140 ns  Iteration: 0  Process: /ALU_TB/HSV_ALU/HSV_ALU_OUTPUT_CTRL  File: C:/Users/johnh/Desktop/IMP/IMP.srcs/sources_1/new/ISP/ALUs/HSV_ALU.vhd
Note: V out normal
Time: 150 ns  Iteration: 0  Process: /ALU_TB/HSV_ALU/HSV_ALU_OUTPUT_CTRL  File: C:/Users/johnh/Desktop/IMP/IMP.srcs/sources_1/new/ISP/ALUs/HSV_ALU.vhd
Note: V out normal
Time: 160 ns  Iteration: 0  Process: /ALU_TB/HSV_ALU/HSV_ALU_OUTPUT_CTRL  File: C:/Users/johnh/Desktop/IMP/IMP.srcs/sources_1/new/ISP/ALUs/HSV_ALU.vhd
Note: V out normal
Time: 170 ns  Iteration: 0  Process: /ALU_TB/HSV_ALU/HSV_ALU_OUTPUT_CTRL  File: C:/Users/johnh/Desktop/IMP/IMP.srcs/sources_1/new/ISP/ALUs/HSV_ALU.vhd
Note: V out normal
Time: 180 ns  Iteration: 0  Process: /ALU_TB/HSV_ALU/HSV_ALU_OUTPUT_CTRL  File: C:/Users/johnh/Desktop/IMP/IMP.srcs/sources_1/new/ISP/ALUs/HSV_ALU.vhd
Note: V out normal
Time: 190 ns  Iteration: 0  Process: /ALU_TB/HSV_ALU/HSV_ALU_OUTPUT_CTRL  File: C:/Users/johnh/Desktop/IMP/IMP.srcs/sources_1/new/ISP/ALUs/HSV_ALU.vhd
Note: V out normal
Time: 200 ns  Iteration: 0  Process: /ALU_TB/HSV_ALU/HSV_ALU_OUTPUT_CTRL  File: C:/Users/johnh/Desktop/IMP/IMP.srcs/sources_1/new/ISP/ALUs/HSV_ALU.vhd
Note: V out normal
Time: 210 ns  Iteration: 0  Process: /ALU_TB/HSV_ALU/HSV_ALU_OUTPUT_CTRL  File: C:/Users/johnh/Desktop/IMP/IMP.srcs/sources_1/new/ISP/ALUs/HSV_ALU.vhd
Note: V out normal
Time: 220 ns  Iteration: 0  Process: /ALU_TB/HSV_ALU/HSV_ALU_OUTPUT_CTRL  File: C:/Users/johnh/Desktop/IMP/IMP.srcs/sources_1/new/ISP/ALUs/HSV_ALU.vhd
Note: V out normal
Time: 230 ns  Iteration: 0  Process: /ALU_TB/HSV_ALU/HSV_ALU_OUTPUT_CTRL  File: C:/Users/johnh/Desktop/IMP/IMP.srcs/sources_1/new/ISP/ALUs/HSV_ALU.vhd
Note: V out normal
Time: 240 ns  Iteration: 0  Process: /ALU_TB/HSV_ALU/HSV_ALU_OUTPUT_CTRL  File: C:/Users/johnh/Desktop/IMP/IMP.srcs/sources_1/new/ISP/ALUs/HSV_ALU.vhd
Note: V out normal
Time: 250 ns  Iteration: 0  Process: /ALU_TB/HSV_ALU/HSV_ALU_OUTPUT_CTRL  File: C:/Users/johnh/Desktop/IMP/IMP.srcs/sources_1/new/ISP/ALUs/HSV_ALU.vhd
Note: V out normal
Time: 260 ns  Iteration: 0  Process: /ALU_TB/HSV_ALU/HSV_ALU_OUTPUT_CTRL  File: C:/Users/johnh/Desktop/IMP/IMP.srcs/sources_1/new/ISP/ALUs/HSV_ALU.vhd
Note: V out normal
Time: 270 ns  Iteration: 0  Process: /ALU_TB/HSV_ALU/HSV_ALU_OUTPUT_CTRL  File: C:/Users/johnh/Desktop/IMP/IMP.srcs/sources_1/new/ISP/ALUs/HSV_ALU.vhd
Note: V out normal
Time: 280 ns  Iteration: 0  Process: /ALU_TB/HSV_ALU/HSV_ALU_OUTPUT_CTRL  File: C:/Users/johnh/Desktop/IMP/IMP.srcs/sources_1/new/ISP/ALUs/HSV_ALU.vhd
Note: V out normal
Time: 290 ns  Iteration: 0  Process: /ALU_TB/HSV_ALU/HSV_ALU_OUTPUT_CTRL  File: C:/Users/johnh/Desktop/IMP/IMP.srcs/sources_1/new/ISP/ALUs/HSV_ALU.vhd
Note: V out normal
Time: 300 ns  Iteration: 0  Process: /ALU_TB/HSV_ALU/HSV_ALU_OUTPUT_CTRL  File: C:/Users/johnh/Desktop/IMP/IMP.srcs/sources_1/new/ISP/ALUs/HSV_ALU.vhd
Note: V out normal
Time: 310 ns  Iteration: 0  Process: /ALU_TB/HSV_ALU/HSV_ALU_OUTPUT_CTRL  File: C:/Users/johnh/Desktop/IMP/IMP.srcs/sources_1/new/ISP/ALUs/HSV_ALU.vhd
Note: V out normal
Time: 320 ns  Iteration: 0  Process: /ALU_TB/HSV_ALU/HSV_ALU_OUTPUT_CTRL  File: C:/Users/johnh/Desktop/IMP/IMP.srcs/sources_1/new/ISP/ALUs/HSV_ALU.vhd
Note: V out normal
Time: 430 ns  Iteration: 0  Process: /ALU_TB/HSV_ALU/HSV_ALU_OUTPUT_CTRL  File: C:/Users/johnh/Desktop/IMP/IMP.srcs/sources_1/new/ISP/ALUs/HSV_ALU.vhd
Note: V out overflow
Time: 440 ns  Iteration: 0  Process: /ALU_TB/HSV_ALU/HSV_ALU_OUTPUT_CTRL  File: C:/Users/johnh/Desktop/IMP/IMP.srcs/sources_1/new/ISP/ALUs/HSV_ALU.vhd
Note: V out normal
Time: 450 ns  Iteration: 0  Process: /ALU_TB/HSV_ALU/HSV_ALU_OUTPUT_CTRL  File: C:/Users/johnh/Desktop/IMP/IMP.srcs/sources_1/new/ISP/ALUs/HSV_ALU.vhd
Note: V out normal
Time: 460 ns  Iteration: 0  Process: /ALU_TB/HSV_ALU/HSV_ALU_OUTPUT_CTRL  File: C:/Users/johnh/Desktop/IMP/IMP.srcs/sources_1/new/ISP/ALUs/HSV_ALU.vhd
Note: V out normal
Time: 470 ns  Iteration: 0  Process: /ALU_TB/HSV_ALU/HSV_ALU_OUTPUT_CTRL  File: C:/Users/johnh/Desktop/IMP/IMP.srcs/sources_1/new/ISP/ALUs/HSV_ALU.vhd
Note: V out normal
Time: 480 ns  Iteration: 0  Process: /ALU_TB/HSV_ALU/HSV_ALU_OUTPUT_CTRL  File: C:/Users/johnh/Desktop/IMP/IMP.srcs/sources_1/new/ISP/ALUs/HSV_ALU.vhd
Note: V out normal
Time: 490 ns  Iteration: 0  Process: /ALU_TB/HSV_ALU/HSV_ALU_OUTPUT_CTRL  File: C:/Users/johnh/Desktop/IMP/IMP.srcs/sources_1/new/ISP/ALUs/HSV_ALU.vhd
Note: V out normal
Time: 500 ns  Iteration: 0  Process: /ALU_TB/HSV_ALU/HSV_ALU_OUTPUT_CTRL  File: C:/Users/johnh/Desktop/IMP/IMP.srcs/sources_1/new/ISP/ALUs/HSV_ALU.vhd
Note: V out normal
Time: 510 ns  Iteration: 0  Process: /ALU_TB/HSV_ALU/HSV_ALU_OUTPUT_CTRL  File: C:/Users/johnh/Desktop/IMP/IMP.srcs/sources_1/new/ISP/ALUs/HSV_ALU.vhd
Note: V out normal
Time: 520 ns  Iteration: 0  Process: /ALU_TB/HSV_ALU/HSV_ALU_OUTPUT_CTRL  File: C:/Users/johnh/Desktop/IMP/IMP.srcs/sources_1/new/ISP/ALUs/HSV_ALU.vhd
Note: V out normal
Time: 530 ns  Iteration: 0  Process: /ALU_TB/HSV_ALU/HSV_ALU_OUTPUT_CTRL  File: C:/Users/johnh/Desktop/IMP/IMP.srcs/sources_1/new/ISP/ALUs/HSV_ALU.vhd
Note: V out normal
Time: 540 ns  Iteration: 0  Process: /ALU_TB/HSV_ALU/HSV_ALU_OUTPUT_CTRL  File: C:/Users/johnh/Desktop/IMP/IMP.srcs/sources_1/new/ISP/ALUs/HSV_ALU.vhd
Note: V out normal
Time: 550 ns  Iteration: 0  Process: /ALU_TB/HSV_ALU/HSV_ALU_OUTPUT_CTRL  File: C:/Users/johnh/Desktop/IMP/IMP.srcs/sources_1/new/ISP/ALUs/HSV_ALU.vhd
Note: V out normal
Time: 560 ns  Iteration: 0  Process: /ALU_TB/HSV_ALU/HSV_ALU_OUTPUT_CTRL  File: C:/Users/johnh/Desktop/IMP/IMP.srcs/sources_1/new/ISP/ALUs/HSV_ALU.vhd
Note: V out normal
Time: 570 ns  Iteration: 0  Process: /ALU_TB/HSV_ALU/HSV_ALU_OUTPUT_CTRL  File: C:/Users/johnh/Desktop/IMP/IMP.srcs/sources_1/new/ISP/ALUs/HSV_ALU.vhd
Note: V out normal
Time: 580 ns  Iteration: 0  Process: /ALU_TB/HSV_ALU/HSV_ALU_OUTPUT_CTRL  File: C:/Users/johnh/Desktop/IMP/IMP.srcs/sources_1/new/ISP/ALUs/HSV_ALU.vhd
Note: V out normal
Time: 590 ns  Iteration: 0  Process: /ALU_TB/HSV_ALU/HSV_ALU_OUTPUT_CTRL  File: C:/Users/johnh/Desktop/IMP/IMP.srcs/sources_1/new/ISP/ALUs/HSV_ALU.vhd
Note: V out normal
Time: 600 ns  Iteration: 0  Process: /ALU_TB/HSV_ALU/HSV_ALU_OUTPUT_CTRL  File: C:/Users/johnh/Desktop/IMP/IMP.srcs/sources_1/new/ISP/ALUs/HSV_ALU.vhd
Note: V out normal
Time: 610 ns  Iteration: 0  Process: /ALU_TB/HSV_ALU/HSV_ALU_OUTPUT_CTRL  File: C:/Users/johnh/Desktop/IMP/IMP.srcs/sources_1/new/ISP/ALUs/HSV_ALU.vhd
Note: V out normal
Time: 620 ns  Iteration: 0  Process: /ALU_TB/HSV_ALU/HSV_ALU_OUTPUT_CTRL  File: C:/Users/johnh/Desktop/IMP/IMP.srcs/sources_1/new/ISP/ALUs/HSV_ALU.vhd
Note: V out normal
Time: 630 ns  Iteration: 0  Process: /ALU_TB/HSV_ALU/HSV_ALU_OUTPUT_CTRL  File: C:/Users/johnh/Desktop/IMP/IMP.srcs/sources_1/new/ISP/ALUs/HSV_ALU.vhd
Note: V out normal
Time: 640 ns  Iteration: 0  Process: /ALU_TB/HSV_ALU/HSV_ALU_OUTPUT_CTRL  File: C:/Users/johnh/Desktop/IMP/IMP.srcs/sources_1/new/ISP/ALUs/HSV_ALU.vhd
Note: V out normal
Time: 750 ns  Iteration: 0  Process: /ALU_TB/HSV_ALU/HSV_ALU_OUTPUT_CTRL  File: C:/Users/johnh/Desktop/IMP/IMP.srcs/sources_1/new/ISP/ALUs/HSV_ALU.vhd
Note: V out overflow
Time: 760 ns  Iteration: 0  Process: /ALU_TB/HSV_ALU/HSV_ALU_OUTPUT_CTRL  File: C:/Users/johnh/Desktop/IMP/IMP.srcs/sources_1/new/ISP/ALUs/HSV_ALU.vhd
Note: V out normal
Time: 770 ns  Iteration: 0  Process: /ALU_TB/HSV_ALU/HSV_ALU_OUTPUT_CTRL  File: C:/Users/johnh/Desktop/IMP/IMP.srcs/sources_1/new/ISP/ALUs/HSV_ALU.vhd
Note: V out normal
Time: 780 ns  Iteration: 0  Process: /ALU_TB/HSV_ALU/HSV_ALU_OUTPUT_CTRL  File: C:/Users/johnh/Desktop/IMP/IMP.srcs/sources_1/new/ISP/ALUs/HSV_ALU.vhd
No